0 info it worked if it ends with ok
1 verbose cli [ 'node', '/usr/local/bin/npm', 'run', 'save' ]
2 info using npm@2.1.9
3 info using node@v0.10.33
4 verbose node symlink /usr/local/bin/node
5 verbose run-script [ 'presave', 'save', 'postsave' ]
6 info presave trello-app@0.0.2
7 verbose unsafe-perm in lifecycle true
8 info trello-app@0.0.2 Failed to exec presave script
9 verbose stack Error: trello-app@0.0.2 presave: `npm run unittest`
9 verbose stack Exit status 1
9 verbose stack     at EventEmitter.<anonymous> (/usr/local/lib/node_modules/npm/lib/utils/lifecycle.js:212:16)
9 verbose stack     at EventEmitter.emit (events.js:98:17)
9 verbose stack     at ChildProcess.<anonymous> (/usr/local/lib/node_modules/npm/lib/utils/spawn.js:14:12)
9 verbose stack     at ChildProcess.emit (events.js:98:17)
9 verbose stack     at maybeClose (child_process.js:756:16)
9 verbose stack     at Process.ChildProcess._handle.onexit (child_process.js:823:5)
10 verbose pkgid trello-app@0.0.2
11 verbose cwd /Users/ian/dev/trello-app
12 error Darwin 15.0.0
13 error argv "node" "/usr/local/bin/npm" "run" "save"
14 error node v0.10.33
15 error npm  v2.1.9
16 error code ELIFECYCLE
17 error trello-app@0.0.2 presave: `npm run unittest`
17 error Exit status 1
18 error Failed at the trello-app@0.0.2 presave script 'npm run unittest'.
18 error This is most likely a problem with the trello-app package,
18 error not with npm itself.
18 error Tell the author that this fails on your system:
18 error     npm run unittest
18 error You can get their info via:
18 error     npm owner ls trello-app
18 error There is likely additional logging output above.
19 verbose exit [ 1, true ]
